<?xml version="1.0" encoding="UTF-8"?>
<testng-results ignored="0" total="1" passed="0" failed="1" skipped="0">
  <reporter-output>
  </reporter-output>
  <suite started-at="2019-10-11T07:05:56Z" name="Default suite" finished-at="2019-10-11T07:06:19Z" duration-ms="22924">
    <groups>
    </groups>
    <test started-at="2019-10-11T07:05:56Z" name="Default test" finished-at="2019-10-11T07:06:19Z" duration-ms="22924">
      <class name="com.TestCases.Testcase1_Actitime">
        <test-method is-config="true" signature="testsite()[pri:0, instance:com.TestCases.Testcase1_Actitime@42039326]" started-at="2019-10-11T07:05:55Z" name="testsite" finished-at="2019-10-11T07:05:56Z" duration-ms="219" status="PASS">
          <reporter-output>
          </reporter-output>
        </test-method> <!-- testsite -->
        <test-method is-config="true" signature="launchBrowser()[pri:0, instance:com.TestCases.Testcase1_Actitime@42039326]" started-at="2019-10-11T07:05:56Z" name="launchBrowser" finished-at="2019-10-11T07:06:14Z" duration-ms="17879" status="PASS">
          <reporter-output>
          </reporter-output>
        </test-method> <!-- launchBrowser -->
        <test-method signature="login(java.util.Hashtable)[pri:0, instance:com.TestCases.Testcase1_Actitime@42039326]" started-at="2019-10-11T07:06:14Z" name="login" data-provider="Data_Collections" finished-at="2019-10-11T07:06:14Z" duration-ms="907" status="FAIL">
          <params>
            <param index="0">
              <value>
                <![CDATA[{Iteration=1.0, First_Name=Neha, Last_Name=parab}]]>
              </value>
            </param>
          </params>
          <exception class="java.io.FileNotFoundException">
            <message>
              <![CDATA[C:\Users\Nehesh Sakpal\eclipse-workspace\ACTITIME_BUILD\src\test\resources\screenShotss\ScreenShot____2019.10.11.12.36.14.png (The system cannot find the path specified)]]>
            </message>
            <full-stacktrace>
              <![CDATA[java.io.FileNotFoundException: C:\Users\Nehesh Sakpal\eclipse-workspace\ACTITIME_BUILD\src\test\resources\screenShotss\ScreenShot____2019.10.11.12.36.14.png (The system cannot find the path specified)
at java.base/java.io.FileOutputStream.open0(Native Method)
at java.base/java.io.FileOutputStream.open(FileOutputStream.java:299)
at java.base/java.io.FileOutputStream.<init>(FileOutputStream.java:238)
at java.base/java.io.FileOutputStream.<init>(FileOutputStream.java:188)
at org.openqa.selenium.io.FileHandler.copyFile(FileHandler.java:138)
at org.openqa.selenium.io.FileHandler.copy(FileHandler.java:117)
at com.TESTBASE.Actitime_TestBase.screenShots(Actitime_TestBase.java:109)
at com.TESTBASE.Actitime_TestBase.passLogStatus(Actitime_TestBase.java:140)
at Pages.Actitime_login_page.createAnAccount(Actitime_login_page.java:18)
at com.TestCases.Testcase1_Actitime.login(Testcase1_Actitime.java:19)
at java.base/jdk.internal.reflect.NativeMethodAccessorImpl.invoke0(Native Method)
at java.base/jdk.internal.reflect.NativeMethodAccessorImpl.invoke(NativeMethodAccessorImpl.java:62)
at java.base/jdk.internal.reflect.DelegatingMethodAccessorImpl.invoke(DelegatingMethodAccessorImpl.java:43)
at java.base/java.lang.reflect.Method.invoke(Method.java:564)
at org.testng.internal.MethodInvocationHelper.invokeMethod(MethodInvocationHelper.java:124)
at org.testng.internal.Invoker.invokeMethod(Invoker.java:583)
at org.testng.internal.Invoker.invokeTestMethod(Invoker.java:719)
at org.testng.internal.Invoker.invokeTestMethods(Invoker.java:989)
at org.testng.internal.TestMethodWorker.invokeTestMethods(TestMethodWorker.java:125)
at org.testng.internal.TestMethodWorker.run(TestMethodWorker.java:109)
at org.testng.TestRunner.privateRun(TestRunner.java:648)
at org.testng.TestRunner.run(TestRunner.java:505)
at org.testng.SuiteRunner.runTest(SuiteRunner.java:455)
at org.testng.SuiteRunner.runSequentially(SuiteRunner.java:450)
at org.testng.SuiteRunner.privateRun(SuiteRunner.java:415)
at org.testng.SuiteRunner.run(SuiteRunner.java:364)
at org.testng.SuiteRunnerWorker.runSuite(SuiteRunnerWorker.java:52)
at org.testng.SuiteRunnerWorker.run(SuiteRunnerWorker.java:84)
at org.testng.TestNG.runSuitesSequentially(TestNG.java:1208)
at org.testng.TestNG.runSuitesLocally(TestNG.java:1137)
at org.testng.TestNG.runSuites(TestNG.java:1049)
at org.testng.TestNG.run(TestNG.java:1017)
at org.testng.remote.AbstractRemoteTestNG.run(AbstractRemoteTestNG.java:114)
at org.testng.remote.RemoteTestNG.initAndRun(RemoteTestNG.java:251)
at org.testng.remote.RemoteTestNG.main(RemoteTestNG.java:77)
]]>
            </full-stacktrace>
          </exception> <!-- java.io.FileNotFoundException -->
          <reporter-output>
          </reporter-output>
        </test-method> <!-- login -->
        <test-method is-config="true" signature="close()[pri:0, instance:com.TestCases.Testcase1_Actitime@42039326]" started-at="2019-10-11T07:06:14Z" name="close" finished-at="2019-10-11T07:06:19Z" duration-ms="4087" status="PASS">
          <reporter-output>
          </reporter-output>
        </test-method> <!-- close -->
        <test-method is-config="true" signature="endTest()[pri:0, instance:com.TestCases.Testcase1_Actitime@42039326]" started-at="2019-10-11T07:06:19Z" name="endTest" finished-at="2019-10-11T07:06:19Z" duration-ms="325" status="PASS">
          <reporter-output>
          </reporter-output>
        </test-method> <!-- endTest -->
      </class> <!-- com.TestCases.Testcase1_Actitime -->
    </test> <!-- Default test -->
  </suite> <!-- Default suite -->
</testng-results>
